Build started 5/03/2013 11:55:57 PM.
     1>Project "C:\Users\Assassian360\Dropbox\Dropbox\Code\DXTexBatGen\DXTexBatGen\DXTexBatGen.vcxproj" on node 2 (build target(s)).
     1>PrepareForBuild:
         Creating directory "C:\Users\Assassian360\Dropbox\Dropbox\Code\DXTexBatGen\Debug\".
       InitializeBuildStatus:
         Creating "Debug\DXTexBatGen.unsuccessfulbuild" because "AlwaysCreate" was specified.
       ClCompile:
         C:\Program Files (x86)\Microsoft Visual Studio 10.0\VC\bin\CL.exe /c /ZI /nologo /W3 /WX- /Od /Oy- /D WIN32 /D _DEBUG /D _CONSOLE /D _UNICODE /D UNICODE /Gm /EHsc /RTC1 /MDd /GS /fp:precise /Zc:wchar_t /Zc:forScope /Fo"Debug\\" /Fd"Debug\vc100.pdb" /Gd /TP /analyze- /errorReport:prompt main.cpp
         main.cpp
       ManifestResourceCompile:
         C:\Program Files (x86)\Microsoft SDKs\Windows\v7.0A\bin\rc.exe /nologo /fo"Debug\DXTexBatGen.exe.embed.manifest.res" Debug\DXTexBatGen_manifest.rc 
       Link:
         C:\Program Files (x86)\Microsoft Visual Studio 10.0\VC\bin\link.exe /ERRORREPORT:PROMPT /OUT:"C:\Users\Assassian360\Dropbox\Dropbox\Code\DXTexBatGen\Debug\DXTexBatGen.exe" /INCREMENTAL /NOLOGO kernel32.lib user32.lib gdi32.lib winspool.lib comdlg32.lib advapi32.lib shell32.lib ole32.lib oleaut32.lib uuid.lib odbc32.lib odbccp32.lib /MANIFEST /ManifestFile:"Debug\DXTexBatGen.exe.intermediate.manifest" /MANIFESTUAC:"level='asInvoker' uiAccess='false'" /DEBUG /PDB:"C:\Users\Assassian360\Dropbox\Dropbox\Code\DXTexBatGen\Debug\DXTexBatGen.pdb" /SUBSYSTEM:CONSOLE /TLBID:1 /DYNAMICBASE /NXCOMPAT /IMPLIB:"C:\Users\Assassian360\Dropbox\Dropbox\Code\DXTexBatGen\Debug\DXTexBatGen.lib" /MACHINE:X86 Debug\DXTexBatGen.exe.embed.manifest.res
         Debug\main.obj
       Manifest:
         C:\Program Files (x86)\Microsoft SDKs\Windows\v7.0A\bin\mt.exe /nologo /verbose /out:"Debug\DXTexBatGen.exe.embed.manifest" /manifest Debug\DXTexBatGen.exe.intermediate.manifest
         C:\Program Files (x86)\Microsoft SDKs\Windows\v7.0A\bin\rc.exe /nologo /fo"Debug\DXTexBatGen.exe.embed.manifest.res" Debug\DXTexBatGen_manifest.rc 
       LinkEmbedManifest:
         C:\Program Files (x86)\Microsoft Visual Studio 10.0\VC\bin\link.exe /ERRORREPORT:PROMPT /OUT:"C:\Users\Assassian360\Dropbox\Dropbox\Code\DXTexBatGen\Debug\DXTexBatGen.exe" /INCREMENTAL /NOLOGO kernel32.lib user32.lib gdi32.lib winspool.lib comdlg32.lib advapi32.lib shell32.lib ole32.lib oleaut32.lib uuid.lib odbc32.lib odbccp32.lib /MANIFEST /ManifestFile:"Debug\DXTexBatGen.exe.intermediate.manifest" /MANIFESTUAC:"level='asInvoker' uiAccess='false'" /DEBUG /PDB:"C:\Users\Assassian360\Dropbox\Dropbox\Code\DXTexBatGen\Debug\DXTexBatGen.pdb" /SUBSYSTEM:CONSOLE /TLBID:1 /DYNAMICBASE /NXCOMPAT /IMPLIB:"C:\Users\Assassian360\Dropbox\Dropbox\Code\DXTexBatGen\Debug\DXTexBatGen.lib" /MACHINE:X86 Debug\DXTexBatGen.exe.embed.manifest.res
         Debug\main.obj
         DXTexBatGen.vcxproj -> C:\Users\Assassian360\Dropbox\Dropbox\Code\DXTexBatGen\Debug\DXTexBatGen.exe
       FinalizeBuildStatus:
         Deleting file "Debug\DXTexBatGen.unsuccessfulbuild".
         Touching "Debug\DXTexBatGen.lastbuildstate".
     1>Done Building Project "C:\Users\Assassian360\Dropbox\Dropbox\Code\DXTexBatGen\DXTexBatGen\DXTexBatGen.vcxproj" (build target(s)).

Build succeeded.

Time Elapsed 00:00:06.95
